{"/Users/andrecortes/Documents/work/temp/madison-reed/packages/service/app.js": {"path":"/Users/andrecortes/Documents/work/temp/madison-reed/packages/service/app.js","statementMap":{"0":{"start":{"line":1,"column":14},"end":{"line":1,"column":32}},"1":{"start":{"line":2,"column":11},"end":{"line":2,"column":26}},"2":{"start":{"line":3,"column":19},"end":{"line":3,"column":43}},"3":{"start":{"line":4,"column":13},"end":{"line":4,"column":30}},"4":{"start":{"line":6,"column":18},"end":{"line":6,"column":43}},"5":{"start":{"line":7,"column":25},"end":{"line":7,"column":57}},"6":{"start":{"line":9,"column":10},"end":{"line":9,"column":19}},"7":{"start":{"line":11,"column":0},"end":{"line":11,"column":23}},"8":{"start":{"line":12,"column":0},"end":{"line":12,"column":24}},"9":{"start":{"line":13,"column":0},"end":{"line":13,"column":49}},"10":{"start":{"line":14,"column":0},"end":{"line":14,"column":24}},"11":{"start":{"line":15,"column":0},"end":{"line":15,"column":56}},"12":{"start":{"line":17,"column":17},"end":{"line":17,"column":39}},"13":{"start":{"line":18,"column":0},"end":{"line":18,"column":27}},"14":{"start":{"line":19,"column":0},"end":{"line":19,"column":51}},"15":{"start":{"line":21,"column":0},"end":{"line":21,"column":26}},"16":{"start":{"line":22,"column":0},"end":{"line":22,"column":45}},"17":{"start":{"line":24,"column":0},"end":{"line":24,"column":21}}},"fnMap":{},"branchMap":{},"s":{"0":2,"1":2,"2":2,"3":2,"4":2,"5":2,"6":2,"7":2,"8":2,"9":2,"10":2,"11":2,"12":2,"13":2,"14":2,"15":2,"16":2,"17":2},"f":{},"b":{},"_coverageSchema":"1a1c01bbd47fc00a2c39e90264f33305004495a9","hash":"7a28c996651dcf6219f84f0dc0e7d6c5b5bf4e8e"}
,"/Users/andrecortes/Documents/work/temp/madison-reed/packages/service/controllers/transactions.js": {"path":"/Users/andrecortes/Documents/work/temp/madison-reed/packages/service/controllers/transactions.js","statementMap":{"0":{"start":{"line":1,"column":14},"end":{"line":1,"column":46}},"1":{"start":{"line":2,"column":18},"end":{"line":2,"column":39}},"2":{"start":{"line":3,"column":13},"end":{"line":3,"column":28}},"3":{"start":{"line":6,"column":26},"end":{"line":14,"column":1}},"4":{"start":{"line":7,"column":15},"end":{"line":7,"column":35}},"5":{"start":{"line":8,"column":2},"end":{"line":13,"column":3}},"6":{"start":{"line":16,"column":0},"end":{"line":23,"column":1}},"7":{"start":{"line":17,"column":2},"end":{"line":22,"column":11}},"8":{"start":{"line":17,"column":38},"end":{"line":17,"column":44}},"9":{"start":{"line":19,"column":31},"end":{"line":19,"column":49}},"10":{"start":{"line":20,"column":6},"end":{"line":20,"column":56}},"11":{"start":{"line":21,"column":5},"end":{"line":21,"column":44}},"12":{"start":{"line":25,"column":0},"end":{"line":46,"column":1}},"13":{"start":{"line":26,"column":19},"end":{"line":26,"column":22}},"14":{"start":{"line":27,"column":35},"end":{"line":27,"column":39}},"15":{"start":{"line":28,"column":22},"end":{"line":28,"column":79}},"16":{"start":{"line":29,"column":2},"end":{"line":45,"column":11}},"17":{"start":{"line":30,"column":22},"end":{"line":30,"column":40}},"18":{"start":{"line":31,"column":21},"end":{"line":31,"column":48}},"19":{"start":{"line":32,"column":4},"end":{"line":38,"column":5}},"20":{"start":{"line":33,"column":6},"end":{"line":33,"column":40}},"21":{"start":{"line":34,"column":6},"end":{"line":34,"column":50}},"22":{"start":{"line":36,"column":6},"end":{"line":36,"column":39}},"23":{"start":{"line":37,"column":6},"end":{"line":37,"column":47}},"24":{"start":{"line":39,"column":4},"end":{"line":39,"column":10}},"25":{"start":{"line":41,"column":4},"end":{"line":44,"column":78}},"26":{"start":{"line":42,"column":6},"end":{"line":42,"column":49}},"27":{"start":{"line":44,"column":6},"end":{"line":44,"column":78}},"28":{"start":{"line":48,"column":0},"end":{"line":64,"column":1}},"29":{"start":{"line":49,"column":19},"end":{"line":49,"column":22}},"30":{"start":{"line":50,"column":35},"end":{"line":50,"column":39}},"31":{"start":{"line":51,"column":22},"end":{"line":51,"column":79}},"32":{"start":{"line":52,"column":2},"end":{"line":63,"column":11}},"33":{"start":{"line":53,"column":22},"end":{"line":53,"column":40}},"34":{"start":{"line":54,"column":21},"end":{"line":54,"column":48}},"35":{"start":{"line":55,"column":4},"end":{"line":55,"column":38}},"36":{"start":{"line":56,"column":4},"end":{"line":56,"column":48}},"37":{"start":{"line":57,"column":4},"end":{"line":57,"column":10}},"38":{"start":{"line":59,"column":4},"end":{"line":62,"column":78}},"39":{"start":{"line":60,"column":6},"end":{"line":60,"column":49}},"40":{"start":{"line":62,"column":6},"end":{"line":62,"column":78}}},"fnMap":{"0":{"name":"(anonymous_0)","decl":{"start":{"line":6,"column":26},"end":{"line":6,"column":27}},"loc":{"start":{"line":6,"column":58},"end":{"line":14,"column":1}},"line":6},"1":{"name":"(anonymous_1)","decl":{"start":{"line":16,"column":26},"end":{"line":16,"column":27}},"loc":{"start":{"line":16,"column":40},"end":{"line":23,"column":1}},"line":16},"2":{"name":"(anonymous_2)","decl":{"start":{"line":17,"column":22},"end":{"line":17,"column":23}},"loc":{"start":{"line":17,"column":37},"end":{"line":17,"column":45}},"line":17},"3":{"name":"(anonymous_3)","decl":{"start":{"line":18,"column":4},"end":{"line":18,"column":5}},"loc":{"start":{"line":18,"column":23},"end":{"line":22,"column":5}},"line":18},"4":{"name":"(anonymous_4)","decl":{"start":{"line":25,"column":19},"end":{"line":25,"column":20}},"loc":{"start":{"line":25,"column":33},"end":{"line":46,"column":1}},"line":25},"5":{"name":"(anonymous_5)","decl":{"start":{"line":29,"column":22},"end":{"line":29,"column":23}},"loc":{"start":{"line":29,"column":37},"end":{"line":40,"column":3}},"line":29},"6":{"name":"(anonymous_6)","decl":{"start":{"line":40,"column":5},"end":{"line":40,"column":6}},"loc":{"start":{"line":40,"column":24},"end":{"line":45,"column":5}},"line":40},"7":{"name":"(anonymous_7)","decl":{"start":{"line":48,"column":20},"end":{"line":48,"column":21}},"loc":{"start":{"line":48,"column":34},"end":{"line":64,"column":1}},"line":48},"8":{"name":"(anonymous_8)","decl":{"start":{"line":52,"column":22},"end":{"line":52,"column":23}},"loc":{"start":{"line":52,"column":37},"end":{"line":58,"column":3}},"line":52},"9":{"name":"(anonymous_9)","decl":{"start":{"line":58,"column":5},"end":{"line":58,"column":6}},"loc":{"start":{"line":58,"column":24},"end":{"line":63,"column":5}},"line":58}},"branchMap":{"0":{"loc":{"start":{"line":32,"column":4},"end":{"line":38,"column":5}},"type":"if","locations":[{"start":{"line":32,"column":4},"end":{"line":38,"column":5}},{"start":{"line":32,"column":4},"end":{"line":38,"column":5}}],"line":32},"1":{"loc":{"start":{"line":41,"column":4},"end":{"line":44,"column":78}},"type":"if","locations":[{"start":{"line":41,"column":4},"end":{"line":44,"column":78}},{"start":{"line":41,"column":4},"end":{"line":44,"column":78}}],"line":41},"2":{"loc":{"start":{"line":59,"column":4},"end":{"line":62,"column":78}},"type":"if","locations":[{"start":{"line":59,"column":4},"end":{"line":62,"column":78}},{"start":{"line":59,"column":4},"end":{"line":62,"column":78}}],"line":59}},"s":{"0":2,"1":2,"2":2,"3":2,"4":3,"5":3,"6":2,"7":6,"8":6,"9":6,"10":6,"11":6,"12":2,"13":2,"14":2,"15":2,"16":2,"17":2,"18":2,"19":2,"20":1,"21":1,"22":1,"23":1,"24":2,"25":2,"26":1,"27":1,"28":2,"29":1,"30":1,"31":1,"32":1,"33":1,"34":1,"35":1,"36":1,"37":1,"38":1,"39":1,"40":0},"f":{"0":3,"1":6,"2":6,"3":6,"4":2,"5":2,"6":2,"7":1,"8":1,"9":1},"b":{"0":[1,1],"1":[1,1],"2":[1,0]},"_coverageSchema":"1a1c01bbd47fc00a2c39e90264f33305004495a9","hash":"51e134d2c24ef9ca60e8b09252eb988133cbc8cf"}
,"/Users/andrecortes/Documents/work/temp/madison-reed/packages/service/model/transactions.js": {"path":"/Users/andrecortes/Documents/work/temp/madison-reed/packages/service/model/transactions.js","statementMap":{"0":{"start":{"line":2,"column":16},"end":{"line":8,"column":1}},"1":{"start":{"line":10,"column":0},"end":{"line":10,"column":28}},"2":{"start":{"line":11,"column":0},"end":{"line":11,"column":30}},"3":{"start":{"line":12,"column":0},"end":{"line":12,"column":27}},"4":{"start":{"line":13,"column":0},"end":{"line":13,"column":25}},"5":{"start":{"line":17,"column":0},"end":{"line":19,"column":1}},"6":{"start":{"line":18,"column":2},"end":{"line":18,"column":16}},"7":{"start":{"line":21,"column":0},"end":{"line":26,"column":1}},"8":{"start":{"line":22,"column":2},"end":{"line":22,"column":23}},"9":{"start":{"line":23,"column":2},"end":{"line":23,"column":35}},"10":{"start":{"line":25,"column":2},"end":{"line":25,"column":16}}},"fnMap":{"0":{"name":"(anonymous_0)","decl":{"start":{"line":17,"column":21},"end":{"line":17,"column":22}},"loc":{"start":{"line":17,"column":27},"end":{"line":19,"column":1}},"line":17},"1":{"name":"(anonymous_1)","decl":{"start":{"line":21,"column":26},"end":{"line":21,"column":27}},"loc":{"start":{"line":21,"column":50},"end":{"line":26,"column":1}},"line":21}},"branchMap":{},"s":{"0":2,"1":2,"2":2,"3":2,"4":2,"5":2,"6":7,"7":2,"8":3,"9":3,"10":3},"f":{"0":7,"1":3},"b":{},"_coverageSchema":"1a1c01bbd47fc00a2c39e90264f33305004495a9","hash":"d753c32ce619080cb515768e59c40cab868ab60b"}
,"/Users/andrecortes/Documents/work/temp/madison-reed/packages/service/routes/index.js": {"path":"/Users/andrecortes/Documents/work/temp/madison-reed/packages/service/routes/index.js","statementMap":{"0":{"start":{"line":1,"column":14},"end":{"line":1,"column":32}},"1":{"start":{"line":2,"column":13},"end":{"line":2,"column":29}},"2":{"start":{"line":5,"column":0},"end":{"line":7,"column":3}},"3":{"start":{"line":6,"column":2},"end":{"line":6,"column":44}},"4":{"start":{"line":9,"column":0},"end":{"line":9,"column":24}}},"fnMap":{"0":{"name":"(anonymous_0)","decl":{"start":{"line":5,"column":16},"end":{"line":5,"column":17}},"loc":{"start":{"line":5,"column":41},"end":{"line":7,"column":1}},"line":5}},"branchMap":{},"s":{"0":2,"1":2,"2":2,"3":0,"4":2},"f":{"0":0},"b":{},"_coverageSchema":"1a1c01bbd47fc00a2c39e90264f33305004495a9","hash":"e3a752692f29e8bf53df083c17f05711abc7e8f0"}
,"/Users/andrecortes/Documents/work/temp/madison-reed/packages/service/routes/transactions.js": {"path":"/Users/andrecortes/Documents/work/temp/madison-reed/packages/service/routes/transactions.js","statementMap":{"0":{"start":{"line":1,"column":12},"end":{"line":1,"column":26}},"1":{"start":{"line":2,"column":16},"end":{"line":2,"column":34}},"2":{"start":{"line":3,"column":15},"end":{"line":3,"column":31}},"3":{"start":{"line":4,"column":31},"end":{"line":4,"column":69}},"4":{"start":{"line":5,"column":18},"end":{"line":5,"column":71}},"5":{"start":{"line":7,"column":19},"end":{"line":10,"column":2}},"6":{"start":{"line":13,"column":0},"end":{"line":13,"column":56}},"7":{"start":{"line":15,"column":0},"end":{"line":15,"column":83}},"8":{"start":{"line":17,"column":0},"end":{"line":17,"column":85}},"9":{"start":{"line":19,"column":0},"end":{"line":19,"column":24}}},"fnMap":{},"branchMap":{},"s":{"0":2,"1":2,"2":2,"3":2,"4":2,"5":2,"6":2,"7":2,"8":2,"9":2},"f":{},"b":{},"_coverageSchema":"1a1c01bbd47fc00a2c39e90264f33305004495a9","hash":"cd64524fe2096bc2c7b27d2353aa6d9cc7b377e9"}
}
